# JRE version: Java(TM) SE Runtime Environment (8.0_141-b15) (build 1.8.0_141-b15)
# Java VM: Java HotSpot(TM) 64-Bit Server VM (25.141-b15 mixed mode windows-amd64 compressed oops)
Heap:
 def new generation   total 22016K, used 5086K [0x00000000c4000000, 0x00000000c57e0000, 0x00000000d8000000)
  eden space 19584K,  25% used [0x00000000c4000000, 0x00000000c44f7870, 0x00000000c5320000)
  from space 2432K,   0% used [0x00000000c5320000, 0x00000000c5320000, 0x00000000c5580000)
  to   space 2432K,   0% used [0x00000000c5580000, 0x00000000c5580000, 0x00000000c57e0000)
 tenured generation   total 48772K, used 29261K [0x00000000d8000000, 0x00000000dafa1000, 0x0000000100000000)
   the space 48772K,  59% used [0x00000000d8000000, 0x00000000d9c93410, 0x00000000d9c93600, 0x00000000dafa1000)
 Metaspace       used 20839K, capacity 21328K, committed 21504K, reserved 1069056K
  class space    used 2340K, capacity 2456K, committed 2560K, reserved 1048576K
GC Heap History (10 events):
Event: 24.212 GC heap before
{Heap before GC invocations=14 (full 0):
 def new generation   total 18432K, used 18177K [0x00000000c4000000, 0x00000000c5400000, 0x00000000d8000000)
  eden space 16384K, 100% used [0x00000000c4000000, 0x00000000c5000000, 0x00000000c5000000)
  from space 2048K,  87% used [0x00000000c5000000, 0x00000000c51c07a0, 0x00000000c5200000)
  to   space 2048K,   0% used [0x00000000c5200000, 0x00000000c5200000, 0x00000000c5400000)
 tenured generation   total 40960K, used 12532K [0x00000000d8000000, 0x00000000da800000, 0x0000000100000000)
   the space 40960K,  30% used [0x00000000d8000000, 0x00000000d8c3d2d0, 0x00000000d8c3d400, 0x00000000da800000)
 Metaspace       used 18267K, capacity 18634K, committed 18688K, reserved 1064960K
  class space    used 2168K, capacity 2263K, committed 2304K, reserved 1048576K
Event: 24.223 GC heap after
Heap after GC invocations=15 (full 0):
 def new generation   total 18432K, used 2048K [0x00000000c4000000, 0x00000000c5400000, 0x00000000d8000000)
  eden space 16384K,   0% used [0x00000000c4000000, 0x00000000c4000000, 0x00000000c5000000)
  from space 2048K, 100% used [0x00000000c5200000, 0x00000000c5400000, 0x00000000c5400000)
  to   space 2048K,   0% used [0x00000000c5000000, 0x00000000c5000000, 0x00000000c5200000)
 tenured generation   total 40960K, used 14726K [0x00000000d8000000, 0x00000000da800000, 0x0000000100000000)
   the space 40960K,  35% used [0x00000000d8000000, 0x00000000d8e61a90, 0x00000000d8e61c00, 0x00000000da800000)
 Metaspace       used 18267K, capacity 18634K, committed 18688K, reserved 1064960K
  class space    used 2168K, capacity 2263K, committed 2304K, reserved 1048576K
}
Event: 27.346 GC heap before
{Heap before GC invocations=15 (full 0):
 def new generation   total 18432K, used 17037K [0x00000000c4000000, 0x00000000c5400000, 0x00000000d8000000)
  eden space 16384K,  91% used [0x00000000c4000000, 0x00000000c4ea3638, 0x00000000c5000000)
  from space 2048K, 100% used [0x00000000c5200000, 0x00000000c5400000, 0x00000000c5400000)
  to   space 2048K,   0% used [0x00000000c5000000, 0x00000000c5000000, 0x00000000c5200000)
 tenured generation   total 40960K, used 14726K [0x00000000d8000000, 0x00000000da800000, 0x0000000100000000)
   the space 40960K,  35% used [0x00000000d8000000, 0x00000000d8e61a90, 0x00000000d8e61c00, 0x00000000da800000)
 Metaspace       used 19082K, capacity 19562K, committed 19840K, reserved 1067008K
  class space    used 2241K, capacity 2359K, committed 2432K, reserved 1048576K
Event: 27.360 GC heap after
Heap after GC invocations=16 (full 0):
 def new generation   total 18432K, used 2047K [0x00000000c4000000, 0x00000000c5400000, 0x00000000d8000000)
  eden space 16384K,   0% used [0x00000000c4000000, 0x00000000c4000000, 0x00000000c5000000)
  from space 2048K,  99% used [0x00000000c5000000, 0x00000000c51ffff8, 0x00000000c5200000)
  to   space 2048K,   0% used [0x00000000c5200000, 0x00000000c5200000, 0x00000000c5400000)
 tenured generation   total 40960K, used 16716K [0x00000000d8000000, 0x00000000da800000, 0x0000000100000000)
   the space 40960K,  40% used [0x00000000d8000000, 0x00000000d90531f0, 0x00000000d9053200, 0x00000000da800000)
 Metaspace       used 19082K, capacity 19562K, committed 19840K, reserved 1067008K
  class space    used 2241K, capacity 2359K, committed 2432K, reserved 1048576K
}
Event: 27.668 GC heap before
{Heap before GC invocations=16 (full 0):
 def new generation   total 18432K, used 18431K [0x00000000c4000000, 0x00000000c5400000, 0x00000000d8000000)
  eden space 16384K, 100% used [0x00000000c4000000, 0x00000000c5000000, 0x00000000c5000000)
  from space 2048K,  99% used [0x00000000c5000000, 0x00000000c51ffff8, 0x00000000c5200000)
  to   space 2048K,   0% used [0x00000000c5200000, 0x00000000c5200000, 0x00000000c5400000)
 tenured generation   total 40960K, used 16716K [0x00000000d8000000, 0x00000000da800000, 0x0000000100000000)
   the space 40960K,  40% used [0x00000000d8000000, 0x00000000d90531f0, 0x00000000d9053200, 0x00000000da800000)
 Metaspace       used 19191K, capacity 19626K, committed 19840K, reserved 1067008K
  class space    used 2247K, capacity 2359K, committed 2432K, reserved 1048576K
Event: 27.695 GC heap after
Heap after GC invocations=17 (full 0):
 def new generation   total 18432K, used 2048K [0x00000000c4000000, 0x00000000c5400000, 0x00000000d8000000)
  eden space 16384K,   0% used [0x00000000c4000000, 0x00000000c4000000, 0x00000000c5000000)
  from space 2048K, 100% used [0x00000000c5200000, 0x00000000c5400000, 0x00000000c5400000)
  to   space 2048K,   0% used [0x00000000c5000000, 0x00000000c5000000, 0x00000000c5200000)
 tenured generation   total 40960K, used 24587K [0x00000000d8000000, 0x00000000da800000, 0x0000000100000000)
   the space 40960K,  60% used [0x00000000d8000000, 0x00000000d9802c70, 0x00000000d9802e00, 0x00000000da800000)
 Metaspace       used 19191K, capacity 19626K, committed 19840K, reserved 1067008K
  class space    used 2247K, capacity 2359K, committed 2432K, reserved 1048576K
}
Event: 29.719 GC heap before
{Heap before GC invocations=17 (full 0):
 def new generation   total 18432K, used 18432K [0x00000000c4000000, 0x00000000c5400000, 0x00000000d8000000)
  eden space 16384K, 100% used [0x00000000c4000000, 0x00000000c5000000, 0x00000000c5000000)
  from space 2048K, 100% used [0x00000000c5200000, 0x00000000c5400000, 0x00000000c5400000)
  to   space 2048K,   0% used [0x00000000c5000000, 0x00000000c5000000, 0x00000000c5200000)
 tenured generation   total 40960K, used 24587K [0x00000000d8000000, 0x00000000da800000, 0x0000000100000000)
   the space 40960K,  60% used [0x00000000d8000000, 0x00000000d9802c70, 0x00000000d9802e00, 0x00000000da800000)
 Metaspace       used 20106K, capacity 20586K, committed 20608K, reserved 1067008K
  class space    used 2317K, capacity 2423K, committed 2432K, reserved 1048576K
Event: 29.737 GC heap after
Heap after GC invocations=18 (full 0):
 def new generation   total 18432K, used 2048K [0x00000000c4000000, 0x00000000c5400000, 0x00000000d8000000)
  eden space 16384K,   0% used [0x00000000c4000000, 0x00000000c4000000, 0x00000000c5000000)
  from space 2048K, 100% used [0x00000000c5000000, 0x00000000c5200000, 0x00000000c5200000)
  to   space 2048K,   0% used [0x00000000c5200000, 0x00000000c5200000, 0x00000000c5400000)
 tenured generation   total 40960K, used 27469K [0x00000000d8000000, 0x00000000da800000, 0x0000000100000000)
   the space 40960K,  67% used [0x00000000d8000000, 0x00000000d9ad3628, 0x00000000d9ad3800, 0x00000000da800000)
 Metaspace       used 20106K, capacity 20586K, committed 20608K, reserved 1067008K
  class space    used 2317K, capacity 2423K, committed 2432K, reserved 1048576K
}
Event: 31.759 GC heap before
{Heap before GC invocations=18 (full 0):
 def new generation   total 18432K, used 16482K [0x00000000c4000000, 0x00000000c5400000, 0x00000000d8000000)
  eden space 16384K,  88% used [0x00000000c4000000, 0x00000000c4e18b68, 0x00000000c5000000)
  from space 2048K, 100% used [0x00000000c5000000, 0x00000000c5200000, 0x00000000c5200000)
  to   space 2048K,   0% used [0x00000000c5200000, 0x00000000c5200000, 0x00000000c5400000)
 tenured generation   total 40960K, used 27469K [0x00000000d8000000, 0x00000000da800000, 0x0000000100000000)
   the space 40960K,  67% used [0x00000000d8000000, 0x00000000d9ad3628, 0x00000000d9ad3800, 0x00000000da800000)
 Metaspace       used 20727K, capacity 21130K, committed 21248K, reserved 1069056K
  class space    used 2332K, capacity 2455K, committed 2560K, reserved 1048576K
Event: 31.861 GC heap after
Heap after GC invocations=19 (full 1):
 def new generation   total 22016K, used 0K [0x00000000c4000000, 0x00000000c57e0000, 0x00000000d8000000)
  eden space 19584K,   0% used [0x00000000c4000000, 0x00000000c4000000, 0x00000000c5320000)
  from space 2432K,   0% used [0x00000000c5320000, 0x00000000c5320000, 0x00000000c5580000)
  to   space 2432K,   0% used [0x00000000c5580000, 0x00000000c5580000, 0x00000000c57e0000)
 tenured generation   total 48772K, used 29261K [0x00000000d8000000, 0x00000000dafa1000, 0x0000000100000000)
   the space 48772K,  59% used [0x00000000d8000000, 0x00000000d9c93410, 0x00000000d9c93600, 0x00000000dafa1000)
 Metaspace       used 20727K, capacity 21130K, committed 21248K, reserved 1069056K
  class space    used 2332K, capacity 2455K, committed 2560K, reserved 1048576K
}

